SF:lib\data\datasources\dados_bancarios_api_datasource.dart
DA:32,1
DA:35,1
DA:36,3
DA:37,3
DA:38,1
DA:43,2
DA:44,3
DA:46,1
DA:51,1
DA:53,3
DA:54,3
DA:55,1
DA:61,2
DA:62,3
DA:64,1
DA:69,1
DA:70,3
DA:71,3
DA:72,1
DA:77,2
DA:78,3
DA:80,1
LF:22
LH:22
end_of_record
SF:lib\data\models\dados_bancarios_model.dart
DA:7,2
DA:15,2
DA:25,2
DA:26,2
DA:27,2
DA:28,2
DA:29,4
DA:31,2
DA:32,2
DA:33,2
DA:34,2
DA:35,2
DA:39,1
DA:40,1
DA:42,1
DA:43,1
DA:44,1
DA:45,1
DA:46,1
DA:47,1
DA:48,1
DA:49,1
LF:22
LH:22
end_of_record
SF:lib\data\models\pessoa_model.dart
DA:5,8
DA:18,8
DA:33,8
DA:34,8
DA:35,8
DA:36,8
DA:37,8
DA:38,8
DA:39,8
DA:40,8
DA:41,8
DA:42,8
DA:43,8
DA:44,8
DA:45,8
DA:46,8
DA:50,4
DA:51,4
DA:52,4
DA:53,4
DA:54,4
DA:55,4
DA:56,4
DA:57,4
DA:58,4
DA:59,4
DA:60,4
DA:61,4
DA:62,4
DA:63,4
LF:30
LH:30
end_of_record
SF:lib\domain\entities\dados_bancarios.dart
DA:13,3
DA:22,3
DA:23,6
LF:3
LH:3
end_of_record
SF:lib\domain\entities\pessoa.dart
DA:17,9
DA:31,3
DA:32,6
LF:3
LH:3
end_of_record
SF:lib\data\datasources\endereco_api_data_source.dart
DA:31,1
DA:34,1
DA:35,3
DA:36,3
DA:37,1
DA:42,2
DA:43,3
DA:45,1
DA:50,1
DA:51,3
DA:52,3
DA:53,1
DA:59,2
DA:60,3
DA:62,1
DA:67,1
DA:68,3
DA:69,3
DA:70,1
DA:75,2
DA:76,3
DA:78,1
LF:22
LH:22
end_of_record
SF:lib\data\models\enderecos_model.dart
DA:7,2
DA:24,2
DA:43,2
DA:44,2
DA:45,2
DA:46,2
DA:47,4
DA:49,2
DA:50,2
DA:51,2
DA:52,2
DA:53,2
DA:54,2
DA:55,2
DA:56,2
DA:57,2
DA:58,2
DA:59,2
DA:60,2
DA:61,2
DA:62,2
DA:66,1
DA:67,1
DA:68,1
DA:69,1
DA:70,1
DA:71,1
DA:72,1
DA:73,1
DA:74,1
DA:75,1
DA:76,1
DA:77,1
DA:78,1
DA:79,1
DA:80,1
DA:81,1
DA:82,1
DA:83,1
DA:84,1
LF:40
LH:40
end_of_record
SF:lib\domain\entities\enderecos.dart
DA:22,3
DA:40,3
DA:41,6
LF:3
LH:3
end_of_record
SF:lib\data\datasources\documento_api_datasource.dart
DA:31,1
DA:34,1
DA:35,3
DA:36,3
DA:37,1
DA:42,2
DA:43,3
DA:45,1
DA:50,1
DA:51,3
DA:52,3
DA:53,1
DA:59,2
DA:60,3
DA:62,1
DA:67,1
DA:68,3
DA:69,3
DA:70,1
DA:75,2
DA:76,3
DA:78,1
LF:22
LH:22
end_of_record
SF:lib\data\models\documento_model.dart
DA:7,2
DA:24,2
DA:43,2
DA:44,2
DA:45,2
DA:46,2
DA:47,4
DA:49,2
DA:50,2
DA:51,2
DA:52,2
DA:53,2
DA:54,2
DA:55,2
DA:56,2
DA:57,2
DA:58,2
DA:59,2
DA:60,2
DA:61,2
DA:62,2
DA:66,1
DA:67,1
DA:68,1
DA:69,1
DA:70,1
DA:71,1
DA:72,1
DA:73,1
DA:74,1
DA:75,1
DA:76,1
DA:77,1
DA:78,1
DA:79,1
DA:80,1
DA:81,1
DA:82,1
DA:83,1
DA:84,1
LF:40
LH:40
end_of_record
SF:lib\domain\entities\documento.dart
DA:22,3
DA:40,3
DA:41,6
LF:3
LH:3
end_of_record
SF:lib\data\datasources\pessoa_api_data_source.dart
DA:29,1
DA:33,1
DA:34,3
DA:35,3
DA:36,1
DA:41,2
DA:42,3
DA:44,1
DA:49,1
DA:50,3
DA:51,3
DA:52,1
DA:58,2
DA:59,3
DA:61,1
DA:66,1
DA:67,3
DA:68,3
DA:69,1
DA:74,2
DA:75,3
DA:77,1
LF:22
LH:22
end_of_record
SF:lib\core\error\failure.dart
DA:2,4
DA:8,4
DA:14,0
LF:3
LH:2
end_of_record
SF:lib\core\usecases\params.dart
DA:13,4
DA:20,0
DA:21,0
LF:3
LH:1
end_of_record
SF:lib\domain\usecases\dados_bancarios_repository_impl.dart
DA:11,1
DA:14,1
DA:15,2
DA:16,3
DA:23,1
DA:26,1
DA:27,2
DA:28,2
DA:35,1
DA:38,1
DA:39,2
DA:40,3
LF:12
LH:12
end_of_record
SF:lib\domain\usecases\documento_repository_impl.dart
DA:11,1
DA:14,1
DA:15,2
DA:16,3
DA:23,1
DA:26,1
DA:27,4
DA:34,1
DA:37,1
DA:38,2
DA:39,3
LF:11
LH:11
end_of_record
SF:lib\domain\usecases\endereco_repository_impl.dart
DA:11,1
DA:14,1
DA:15,5
DA:22,1
DA:25,1
DA:26,4
DA:33,1
DA:36,1
DA:37,5
LF:9
LH:9
end_of_record
SF:lib\domain\usecases\pessoa_repository_impl.dart
DA:11,1
DA:14,1
DA:15,5
DA:22,1
DA:25,1
DA:26,4
DA:33,1
DA:36,1
DA:37,5
LF:9
LH:9
end_of_record
